# JRE version: OpenJDK Runtime Environment Temurin-17.0.5+8 (17.0.5+8) (build 17.0.5+8)
# Java VM: OpenJDK 64-Bit Server VM Temurin-17.0.5+8 (17.0.5+8, mixed mode, emulated-client, tiered, compressed oops, compressed class ptrs, g1 gc, windows-amd64)
GC Precious Log:
 CPUs: 12 total, 12 available
 Memory: 15669M
 Large Page Support: Disabled
 NUMA Support: Disabled
 Compressed Oops: Enabled (Zero based)
 Heap Region Size: 2M
 Heap Min Capacity: 8M
 Heap Initial Capacity: 246M
 Heap Max Capacity: 3918M
 Pre-touch: Disabled
 Parallel Workers: 10
 Concurrent Workers: 3
 Concurrent Refinement Workers: 10
 Periodic GC: Disabled
Heap:
 garbage-first heap   total 131072K, used 37683K [0x000000070b200000, 0x0000000800000000)
  region size 2048K, 1 young (2048K), 0 survivors (0K)
 Metaspace       used 64725K, committed 65408K, reserved 1105920K
  class space    used 8707K, committed 8960K, reserved 1048576K
GC Heap History (20 events):
Event: 38299.178 GC heap before
{Heap before GC invocations=832 (full 802):
 garbage-first heap   total 131072K, used 37683K [0x000000070b200000, 0x0000000800000000)
  region size 2048K, 1 young (2048K), 0 survivors (0K)
 Metaspace       used 64725K, committed 65408K, reserved 1105920K
  class space    used 8707K, committed 8960K, reserved 1048576K
}
Event: 38299.205 GC heap after
{Heap after GC invocations=833 (full 803):
 garbage-first heap   total 131072K, used 37683K [0x000000070b200000, 0x0000000800000000)
  region size 2048K, 0 young (0K), 0 survivors (0K)
 Metaspace       used 64725K, committed 65408K, reserved 1105920K
  class space    used 8707K, committed 8960K, reserved 1048576K
}
Event: 38309.455 GC heap before
{Heap before GC invocations=833 (full 803):
 garbage-first heap   total 131072K, used 37683K [0x000000070b200000, 0x0000000800000000)
  region size 2048K, 1 young (2048K), 0 survivors (0K)
 Metaspace       used 64725K, committed 65408K, reserved 1105920K
  class space    used 8707K, committed 8960K, reserved 1048576K
}
Event: 38309.483 GC heap after
{Heap after GC invocations=834 (full 804):
 garbage-first heap   total 131072K, used 37683K [0x000000070b200000, 0x0000000800000000)
  region size 2048K, 0 young (0K), 0 survivors (0K)
 Metaspace       used 64725K, committed 65408K, reserved 1105920K
  class space    used 8707K, committed 8960K, reserved 1048576K
}
Event: 38319.704 GC heap before
{Heap before GC invocations=834 (full 804):
 garbage-first heap   total 131072K, used 37683K [0x000000070b200000, 0x0000000800000000)
  region size 2048K, 1 young (2048K), 0 survivors (0K)
 Metaspace       used 64725K, committed 65408K, reserved 1105920K
  class space    used 8707K, committed 8960K, reserved 1048576K
}
Event: 38319.729 GC heap after
{Heap after GC invocations=835 (full 805):
 garbage-first heap   total 131072K, used 37683K [0x000000070b200000, 0x0000000800000000)
  region size 2048K, 0 young (0K), 0 survivors (0K)
 Metaspace       used 64725K, committed 65408K, reserved 1105920K
  class space    used 8707K, committed 8960K, reserved 1048576K
}
Event: 38329.937 GC heap before
{Heap before GC invocations=835 (full 805):
 garbage-first heap   total 131072K, used 37683K [0x000000070b200000, 0x0000000800000000)
  region size 2048K, 1 young (2048K), 0 survivors (0K)
 Metaspace       used 64725K, committed 65408K, reserved 1105920K
  class space    used 8707K, committed 8960K, reserved 1048576K
}
Event: 38329.960 GC heap after
{Heap after GC invocations=836 (full 806):
 garbage-first heap   total 131072K, used 37683K [0x000000070b200000, 0x0000000800000000)
  region size 2048K, 0 young (0K), 0 survivors (0K)
 Metaspace       used 64725K, committed 65408K, reserved 1105920K
  class space    used 8707K, committed 8960K, reserved 1048576K
}
Event: 38340.183 GC heap before
{Heap before GC invocations=836 (full 806):
 garbage-first heap   total 131072K, used 37683K [0x000000070b200000, 0x0000000800000000)
  region size 2048K, 1 young (2048K), 0 survivors (0K)
 Metaspace       used 64725K, committed 65408K, reserved 1105920K
  class space    used 8707K, committed 8960K, reserved 1048576K
}
Event: 38340.209 GC heap after
{Heap after GC invocations=837 (full 807):
 garbage-first heap   total 131072K, used 37683K [0x000000070b200000, 0x0000000800000000)
  region size 2048K, 0 young (0K), 0 survivors (0K)
 Metaspace       used 64725K, committed 65408K, reserved 1105920K
  class space    used 8707K, committed 8960K, reserved 1048576K
}
Event: 38350.417 GC heap before
{Heap before GC invocations=837 (full 807):
 garbage-first heap   total 131072K, used 37683K [0x000000070b200000, 0x0000000800000000)
  region size 2048K, 1 young (2048K), 0 survivors (0K)
 Metaspace       used 64725K, committed 65408K, reserved 1105920K
  class space    used 8707K, committed 8960K, reserved 1048576K
}
Event: 38350.443 GC heap after
{Heap after GC invocations=838 (full 808):
 garbage-first heap   total 131072K, used 37683K [0x000000070b200000, 0x0000000800000000)
  region size 2048K, 0 young (0K), 0 survivors (0K)
 Metaspace       used 64725K, committed 65408K, reserved 1105920K
  class space    used 8707K, committed 8960K, reserved 1048576K
}
Event: 38360.663 GC heap before
{Heap before GC invocations=838 (full 808):
 garbage-first heap   total 131072K, used 37683K [0x000000070b200000, 0x0000000800000000)
  region size 2048K, 1 young (2048K), 0 survivors (0K)
 Metaspace       used 64725K, committed 65408K, reserved 1105920K
  class space    used 8707K, committed 8960K, reserved 1048576K
}
Event: 38360.689 GC heap after
{Heap after GC invocations=839 (full 809):
 garbage-first heap   total 131072K, used 37683K [0x000000070b200000, 0x0000000800000000)
  region size 2048K, 0 young (0K), 0 survivors (0K)
 Metaspace       used 64725K, committed 65408K, reserved 1105920K
  class space    used 8707K, committed 8960K, reserved 1048576K
}
Event: 38370.923 GC heap before
{Heap before GC invocations=839 (full 809):
 garbage-first heap   total 131072K, used 37683K [0x000000070b200000, 0x0000000800000000)
  region size 2048K, 1 young (2048K), 0 survivors (0K)
 Metaspace       used 64725K, committed 65408K, reserved 1105920K
  class space    used 8707K, committed 8960K, reserved 1048576K
}
Event: 38370.950 GC heap after
{Heap after GC invocations=840 (full 810):
 garbage-first heap   total 131072K, used 37683K [0x000000070b200000, 0x0000000800000000)
  region size 2048K, 0 young (0K), 0 survivors (0K)
 Metaspace       used 64725K, committed 65408K, reserved 1105920K
  class space    used 8707K, committed 8960K, reserved 1048576K
}
Event: 38381.165 GC heap before
{Heap before GC invocations=840 (full 810):
 garbage-first heap   total 131072K, used 37683K [0x000000070b200000, 0x0000000800000000)
  region size 2048K, 1 young (2048K), 0 survivors (0K)
 Metaspace       used 64725K, committed 65408K, reserved 1105920K
  class space    used 8707K, committed 8960K, reserved 1048576K
}
Event: 38381.192 GC heap after
{Heap after GC invocations=841 (full 811):
 garbage-first heap   total 131072K, used 37683K [0x000000070b200000, 0x0000000800000000)
  region size 2048K, 0 young (0K), 0 survivors (0K)
 Metaspace       used 64725K, committed 65408K, reserved 1105920K
  class space    used 8707K, committed 8960K, reserved 1048576K
}
Event: 38391.502 GC heap before
{Heap before GC invocations=841 (full 811):
 garbage-first heap   total 131072K, used 37683K [0x000000070b200000, 0x0000000800000000)
  region size 2048K, 1 young (2048K), 0 survivors (0K)
 Metaspace       used 64725K, committed 65408K, reserved 1105920K
  class space    used 8707K, committed 8960K, reserved 1048576K
}
Event: 38391.534 GC heap after
{Heap after GC invocations=842 (full 812):
 garbage-first heap   total 131072K, used 37683K [0x000000070b200000, 0x0000000800000000)
  region size 2048K, 0 young (0K), 0 survivors (0K)
 Metaspace       used 64725K, committed 65408K, reserved 1105920K
  class space    used 8707K, committed 8960K, reserved 1048576K
}

