# JRE version: OpenJDK Runtime Environment Temurin-17.0.5+8 (17.0.5+8) (build 17.0.5+8)
# Java VM: OpenJDK 64-Bit Server VM Temurin-17.0.5+8 (17.0.5+8, mixed mode, emulated-client, tiered, compressed oops, compressed class ptrs, g1 gc, windows-amd64)
GC Precious Log:
 CPUs: 12 total, 12 available
 Memory: 15669M
 Large Page Support: Disabled
 NUMA Support: Disabled
 Compressed Oops: Enabled (Zero based)
 Heap Region Size: 2M
 Heap Min Capacity: 8M
 Heap Initial Capacity: 246M
 Heap Max Capacity: 3918M
 Pre-touch: Disabled
 Parallel Workers: 10
 Concurrent Workers: 3
 Concurrent Refinement Workers: 10
 Periodic GC: Disabled
Heap:
 garbage-first heap   total 315392K, used 97762K [0x000000070b200000, 0x0000000800000000)
  region size 2048K, 7 young (14336K), 7 survivors (14336K)
 Metaspace       used 39926K, committed 40256K, reserved 1089536K
  class space    used 5109K, committed 5248K, reserved 1048576K
GC Heap History (20 events):
Event: 1.850 GC heap after
{Heap after GC invocations=10 (full 0):
 garbage-first heap   total 77824K, used 26028K [0x000000070b200000, 0x0000000800000000)
  region size 2048K, 6 young (12288K), 6 survivors (12288K)
 Metaspace       used 36812K, committed 37184K, reserved 1089536K
  class space    used 4804K, committed 4992K, reserved 1048576K
}
Event: 1.855 GC heap before
{Heap before GC invocations=10 (full 0):
 garbage-first heap   total 77824K, used 28076K [0x000000070b200000, 0x0000000800000000)
  region size 2048K, 7 young (14336K), 6 survivors (12288K)
 Metaspace       used 36867K, committed 37248K, reserved 1089536K
  class space    used 4804K, committed 4992K, reserved 1048576K
}
Event: 1.858 GC heap after
{Heap after GC invocations=11 (full 0):
 garbage-first heap   total 77824K, used 27816K [0x000000070b200000, 0x0000000800000000)
  region size 2048K, 1 young (2048K), 1 survivors (2048K)
 Metaspace       used 36867K, committed 37248K, reserved 1089536K
  class space    used 4804K, committed 4992K, reserved 1048576K
}
Event: 1.905 GC heap before
{Heap before GC invocations=11 (full 0):
 garbage-first heap   total 77824K, used 54440K [0x000000070b200000, 0x0000000800000000)
  region size 2048K, 14 young (28672K), 1 survivors (2048K)
 Metaspace       used 37536K, committed 37888K, reserved 1089536K
  class space    used 4881K, committed 5056K, reserved 1048576K
}
Event: 1.907 GC heap after
{Heap after GC invocations=12 (full 0):
 garbage-first heap   total 157696K, used 31655K [0x000000070b200000, 0x0000000800000000)
  region size 2048K, 2 young (4096K), 2 survivors (4096K)
 Metaspace       used 37536K, committed 37888K, reserved 1089536K
  class space    used 4881K, committed 5056K, reserved 1048576K
}
Event: 1.990 GC heap before
{Heap before GC invocations=12 (full 0):
 garbage-first heap   total 157696K, used 103335K [0x000000070b200000, 0x0000000800000000)
  region size 2048K, 38 young (77824K), 2 survivors (4096K)
 Metaspace       used 38702K, committed 39104K, reserved 1089536K
  class space    used 4949K, committed 5120K, reserved 1048576K
}
Event: 1.997 GC heap after
{Heap after GC invocations=13 (full 0):
 garbage-first heap   total 157696K, used 48806K [0x000000070b200000, 0x0000000800000000)
  region size 2048K, 5 young (10240K), 5 survivors (10240K)
 Metaspace       used 38702K, committed 39104K, reserved 1089536K
  class space    used 4949K, committed 5120K, reserved 1048576K
}
Event: 2.106 GC heap before
{Heap before GC invocations=13 (full 0):
 garbage-first heap   total 157696K, used 100006K [0x000000070b200000, 0x0000000800000000)
  region size 2048K, 31 young (63488K), 5 survivors (10240K)
 Metaspace       used 39813K, committed 40192K, reserved 1089536K
  class space    used 5094K, committed 5248K, reserved 1048576K
}
Event: 2.119 GC heap after
{Heap after GC invocations=14 (full 0):
 garbage-first heap   total 157696K, used 66832K [0x000000070b200000, 0x0000000800000000)
  region size 2048K, 4 young (8192K), 4 survivors (8192K)
 Metaspace       used 39813K, committed 40192K, reserved 1089536K
  class space    used 5094K, committed 5248K, reserved 1048576K
}
Event: 2.127 GC heap before
{Heap before GC invocations=14 (full 0):
 garbage-first heap   total 157696K, used 105744K [0x000000070b200000, 0x0000000800000000)
  region size 2048K, 24 young (49152K), 4 survivors (8192K)
 Metaspace       used 39822K, committed 40192K, reserved 1089536K
  class space    used 5095K, committed 5248K, reserved 1048576K
}
Event: 2.130 GC heap after
{Heap after GC invocations=15 (full 0):
 garbage-first heap   total 157696K, used 70703K [0x000000070b200000, 0x0000000800000000)
  region size 2048K, 2 young (4096K), 2 survivors (4096K)
 Metaspace       used 39822K, committed 40192K, reserved 1089536K
  class space    used 5095K, committed 5248K, reserved 1048576K
}
Event: 2.136 GC heap before
{Heap before GC invocations=15 (full 0):
 garbage-first heap   total 157696K, used 109615K [0x000000070b200000, 0x0000000800000000)
  region size 2048K, 22 young (45056K), 2 survivors (4096K)
 Metaspace       used 39829K, committed 40192K, reserved 1089536K
  class space    used 5095K, committed 5248K, reserved 1048576K
}
Event: 2.138 GC heap after
{Heap after GC invocations=16 (full 0):
 garbage-first heap   total 315392K, used 71872K [0x000000070b200000, 0x0000000800000000)
  region size 2048K, 2 young (4096K), 2 survivors (4096K)
 Metaspace       used 39829K, committed 40192K, reserved 1089536K
  class space    used 5095K, committed 5248K, reserved 1048576K
}
Event: 2.170 GC heap before
{Heap before GC invocations=16 (full 0):
 garbage-first heap   total 315392K, used 219328K [0x000000070b200000, 0x0000000800000000)
  region size 2048K, 75 young (153600K), 2 survivors (4096K)
 Metaspace       used 39901K, committed 40256K, reserved 1089536K
  class space    used 5105K, committed 5248K, reserved 1048576K
}
Event: 2.173 GC heap after
{Heap after GC invocations=17 (full 0):
 garbage-first heap   total 315392K, used 77667K [0x000000070b200000, 0x0000000800000000)
  region size 2048K, 5 young (10240K), 5 survivors (10240K)
 Metaspace       used 39901K, committed 40256K, reserved 1089536K
  class space    used 5105K, committed 5248K, reserved 1048576K
}
Event: 2.191 GC heap before
{Heap before GC invocations=17 (full 0):
 garbage-first heap   total 315392K, used 235363K [0x000000070b200000, 0x0000000800000000)
  region size 2048K, 83 young (169984K), 5 survivors (10240K)
 Metaspace       used 39915K, committed 40256K, reserved 1089536K
  class space    used 5107K, committed 5248K, reserved 1048576K
}
Event: 2.195 GC heap after
{Heap after GC invocations=18 (full 0):
 garbage-first heap   total 315392K, used 84423K [0x000000070b200000, 0x0000000800000000)
  region size 2048K, 8 young (16384K), 8 survivors (16384K)
 Metaspace       used 39915K, committed 40256K, reserved 1089536K
  class space    used 5107K, committed 5248K, reserved 1048576K
}
Event: 2.212 GC heap before
{Heap before GC invocations=18 (full 0):
 garbage-first heap   total 315392K, used 242119K [0x000000070b200000, 0x0000000800000000)
  region size 2048K, 86 young (176128K), 8 survivors (16384K)
 Metaspace       used 39926K, committed 40256K, reserved 1089536K
  class space    used 5109K, committed 5248K, reserved 1048576K
}
Event: 2.218 GC heap after
{Heap after GC invocations=19 (full 0):
 garbage-first heap   total 315392K, used 90935K [0x000000070b200000, 0x0000000800000000)
  region size 2048K, 7 young (14336K), 7 survivors (14336K)
 Metaspace       used 39926K, committed 40256K, reserved 1089536K
  class space    used 5109K, committed 5248K, reserved 1048576K
}
Event: 2.236 GC heap before
{Heap before GC invocations=19 (full 0):
 garbage-first heap   total 315392K, used 248631K [0x000000070b200000, 0x0000000800000000)
  region size 2048K, 85 young (174080K), 7 survivors (14336K)
 Metaspace       used 39926K, committed 40256K, reserved 1089536K
  class space    used 5109K, committed 5248K, reserved 1048576K
}

