# JRE version: OpenJDK Runtime Environment Temurin-17.0.5+8 (17.0.5+8) (build 17.0.5+8)
# Java VM: OpenJDK 64-Bit Server VM Temurin-17.0.5+8 (17.0.5+8, mixed mode, emulated-client, tiered, compressed oops, compressed class ptrs, g1 gc, windows-amd64)
GC Precious Log:
 CPUs: 12 total, 12 available
 Memory: 15669M
 Large Page Support: Disabled
 NUMA Support: Disabled
 Compressed Oops: Enabled (Zero based)
 Heap Region Size: 2M
 Heap Min Capacity: 8M
 Heap Initial Capacity: 246M
 Heap Max Capacity: 3918M
 Pre-touch: Disabled
 Parallel Workers: 10
 Concurrent Workers: 3
 Concurrent Refinement Workers: 10
 Periodic GC: Disabled
Heap:
 garbage-first heap   total 335872K, used 99778K [0x000000070b200000, 0x0000000800000000)
  region size 2048K, 8 young (16384K), 8 survivors (16384K)
 Metaspace       used 39951K, committed 40384K, reserved 1089536K
  class space    used 5113K, committed 5312K, reserved 1048576K
GC Heap History (20 events):
Event: 2.095 GC heap after
{Heap after GC invocations=10 (full 0):
 garbage-first heap   total 77824K, used 25549K [0x000000070b200000, 0x0000000800000000)
  region size 2048K, 6 young (12288K), 6 survivors (12288K)
 Metaspace       used 37027K, committed 37504K, reserved 1089536K
  class space    used 4820K, committed 5056K, reserved 1048576K
}
Event: 2.098 GC heap before
{Heap before GC invocations=10 (full 0):
 garbage-first heap   total 77824K, used 27597K [0x000000070b200000, 0x0000000800000000)
  region size 2048K, 7 young (14336K), 6 survivors (12288K)
 Metaspace       used 37027K, committed 37504K, reserved 1089536K
  class space    used 4820K, committed 5056K, reserved 1048576K
}
Event: 2.101 GC heap after
{Heap after GC invocations=11 (full 0):
 garbage-first heap   total 77824K, used 27296K [0x000000070b200000, 0x0000000800000000)
  region size 2048K, 1 young (2048K), 1 survivors (2048K)
 Metaspace       used 37027K, committed 37504K, reserved 1089536K
  class space    used 4820K, committed 5056K, reserved 1048576K
}
Event: 2.149 GC heap before
{Heap before GC invocations=11 (full 0):
 garbage-first heap   total 77824K, used 53920K [0x000000070b200000, 0x0000000800000000)
  region size 2048K, 14 young (28672K), 1 survivors (2048K)
 Metaspace       used 37769K, committed 38144K, reserved 1089536K
  class space    used 4904K, committed 5120K, reserved 1048576K
}
Event: 2.151 GC heap after
{Heap after GC invocations=12 (full 0):
 garbage-first heap   total 167936K, used 31240K [0x000000070b200000, 0x0000000800000000)
  region size 2048K, 2 young (4096K), 2 survivors (4096K)
 Metaspace       used 37769K, committed 38144K, reserved 1089536K
  class space    used 4904K, committed 5120K, reserved 1048576K
}
Event: 2.272 GC heap before
{Heap before GC invocations=12 (full 0):
 garbage-first heap   total 167936K, used 107016K [0x000000070b200000, 0x0000000800000000)
  region size 2048K, 40 young (81920K), 2 survivors (4096K)
 Metaspace       used 39016K, committed 39488K, reserved 1089536K
  class space    used 4981K, committed 5184K, reserved 1048576K
}
Event: 2.279 GC heap after
{Heap after GC invocations=13 (full 0):
 garbage-first heap   total 167936K, used 47603K [0x000000070b200000, 0x0000000800000000)
  region size 2048K, 5 young (10240K), 5 survivors (10240K)
 Metaspace       used 39016K, committed 39488K, reserved 1089536K
  class space    used 4981K, committed 5184K, reserved 1048576K
}
Event: 2.478 GC heap before
{Heap before GC invocations=13 (full 0):
 garbage-first heap   total 167936K, used 106995K [0x000000070b200000, 0x0000000800000000)
  region size 2048K, 35 young (71680K), 5 survivors (10240K)
 Metaspace       used 39839K, committed 40320K, reserved 1089536K
  class space    used 5098K, committed 5312K, reserved 1048576K
}
Event: 2.493 GC heap after
{Heap after GC invocations=14 (full 0):
 garbage-first heap   total 167936K, used 64735K [0x000000070b200000, 0x0000000800000000)
  region size 2048K, 5 young (10240K), 5 survivors (10240K)
 Metaspace       used 39839K, committed 40320K, reserved 1089536K
  class space    used 5098K, committed 5312K, reserved 1048576K
}
Event: 2.504 GC heap before
{Heap before GC invocations=14 (full 0):
 garbage-first heap   total 167936K, used 111839K [0x000000070b200000, 0x0000000800000000)
  region size 2048K, 29 young (59392K), 5 survivors (10240K)
 Metaspace       used 39855K, committed 40320K, reserved 1089536K
  class space    used 5099K, committed 5312K, reserved 1048576K
}
Event: 2.508 GC heap after
{Heap after GC invocations=15 (full 0):
 garbage-first heap   total 167936K, used 68869K [0x000000070b200000, 0x0000000800000000)
  region size 2048K, 2 young (4096K), 2 survivors (4096K)
 Metaspace       used 39855K, committed 40320K, reserved 1089536K
  class space    used 5099K, committed 5312K, reserved 1048576K
}
Event: 2.519 GC heap before
{Heap before GC invocations=15 (full 0):
 garbage-first heap   total 167936K, used 115973K [0x000000070b200000, 0x0000000800000000)
  region size 2048K, 26 young (53248K), 2 survivors (4096K)
 Metaspace       used 39870K, committed 40320K, reserved 1089536K
  class space    used 5106K, committed 5312K, reserved 1048576K
}
Event: 2.522 GC heap after
{Heap after GC invocations=16 (full 0):
 garbage-first heap   total 335872K, used 70583K [0x000000070b200000, 0x0000000800000000)
  region size 2048K, 3 young (6144K), 3 survivors (6144K)
 Metaspace       used 39870K, committed 40320K, reserved 1089536K
  class space    used 5106K, committed 5312K, reserved 1048576K
}
Event: 2.569 GC heap before
{Heap before GC invocations=16 (full 0):
 garbage-first heap   total 335872K, used 244663K [0x000000070b200000, 0x0000000800000000)
  region size 2048K, 89 young (182272K), 3 survivors (6144K)
 Metaspace       used 39950K, committed 40384K, reserved 1089536K
  class space    used 5112K, committed 5312K, reserved 1048576K
}
Event: 2.572 GC heap after
{Heap after GC invocations=17 (full 0):
 garbage-first heap   total 335872K, used 76824K [0x000000070b200000, 0x0000000800000000)
  region size 2048K, 6 young (12288K), 6 survivors (12288K)
 Metaspace       used 39950K, committed 40384K, reserved 1089536K
  class space    used 5112K, committed 5312K, reserved 1048576K
}
Event: 2.616 GC heap before
{Heap before GC invocations=17 (full 0):
 garbage-first heap   total 335872K, used 252952K [0x000000070b200000, 0x0000000800000000)
  region size 2048K, 93 young (190464K), 6 survivors (12288K)
 Metaspace       used 39951K, committed 40384K, reserved 1089536K
  class space    used 5113K, committed 5312K, reserved 1048576K
}
Event: 2.621 GC heap after
{Heap after GC invocations=18 (full 0):
 garbage-first heap   total 335872K, used 84211K [0x000000070b200000, 0x0000000800000000)
  region size 2048K, 9 young (18432K), 9 survivors (18432K)
 Metaspace       used 39951K, committed 40384K, reserved 1089536K
  class space    used 5113K, committed 5312K, reserved 1048576K
}
Event: 2.662 GC heap before
{Heap before GC invocations=18 (full 0):
 garbage-first heap   total 335872K, used 260339K [0x000000070b200000, 0x0000000800000000)
  region size 2048K, 96 young (196608K), 9 survivors (18432K)
 Metaspace       used 39951K, committed 40384K, reserved 1089536K
  class space    used 5113K, committed 5312K, reserved 1048576K
}
Event: 2.669 GC heap after
{Heap after GC invocations=19 (full 0):
 garbage-first heap   total 335872K, used 92617K [0x000000070b200000, 0x0000000800000000)
  region size 2048K, 8 young (16384K), 8 survivors (16384K)
 Metaspace       used 39951K, committed 40384K, reserved 1089536K
  class space    used 5113K, committed 5312K, reserved 1048576K
}
Event: 2.712 GC heap before
{Heap before GC invocations=19 (full 0):
 garbage-first heap   total 335872K, used 266697K [0x000000070b200000, 0x0000000800000000)
  region size 2048K, 94 young (192512K), 8 survivors (16384K)
 Metaspace       used 39951K, committed 40384K, reserved 1089536K
  class space    used 5113K, committed 5312K, reserved 1048576K
}

