# JRE version: OpenJDK Runtime Environment Temurin-17.0.5+8 (17.0.5+8) (build 17.0.5+8)
# Java VM: OpenJDK 64-Bit Server VM Temurin-17.0.5+8 (17.0.5+8, mixed mode, emulated-client, tiered, compressed oops, compressed class ptrs, g1 gc, windows-amd64)
GC Precious Log:
 CPUs: 12 total, 12 available
 Memory: 15669M
 Large Page Support: Disabled
 NUMA Support: Disabled
 Compressed Oops: Enabled (Zero based)
 Heap Region Size: 2M
 Heap Min Capacity: 8M
 Heap Initial Capacity: 246M
 Heap Max Capacity: 3918M
 Pre-touch: Disabled
 Parallel Workers: 10
 Concurrent Workers: 3
 Concurrent Refinement Workers: 10
 Periodic GC: Disabled
Heap:
 garbage-first heap   total 251904K, used 68399K [0x000000070b200000, 0x0000000800000000)
  region size 2048K, 2 young (4096K), 2 survivors (4096K)
 Metaspace       used 39168K, committed 39616K, reserved 1089536K
  class space    used 5004K, committed 5184K, reserved 1048576K
GC Heap History (20 events):
Event: 5.885 GC heap after
{Heap after GC invocations=6 (full 0):
 garbage-first heap   total 55296K, used 16422K [0x000000070b200000, 0x0000000800000000)
  region size 2048K, 2 young (4096K), 2 survivors (4096K)
 Metaspace       used 28788K, committed 29120K, reserved 1081344K
  class space    used 3652K, committed 3840K, reserved 1048576K
}
Event: 6.808 GC heap before
{Heap before GC invocations=6 (full 0):
 garbage-first heap   total 55296K, used 34854K [0x000000070b200000, 0x0000000800000000)
  region size 2048K, 11 young (22528K), 2 survivors (4096K)
 Metaspace       used 31965K, committed 32320K, reserved 1081344K
  class space    used 4079K, committed 4224K, reserved 1048576K
}
Event: 6.815 GC heap after
{Heap after GC invocations=7 (full 0):
 garbage-first heap   total 55296K, used 17757K [0x000000070b200000, 0x0000000800000000)
  region size 2048K, 1 young (2048K), 1 survivors (2048K)
 Metaspace       used 31965K, committed 32320K, reserved 1081344K
  class space    used 4079K, committed 4224K, reserved 1048576K
}
Event: 7.267 GC heap before
{Heap before GC invocations=7 (full 0):
 garbage-first heap   total 55296K, used 38237K [0x000000070b200000, 0x0000000800000000)
  region size 2048K, 11 young (22528K), 1 survivors (2048K)
 Metaspace       used 35718K, committed 36096K, reserved 1081344K
  class space    used 4684K, committed 4864K, reserved 1048576K
}
Event: 7.269 GC heap after
{Heap after GC invocations=8 (full 0):
 garbage-first heap   total 55296K, used 19189K [0x000000070b200000, 0x0000000800000000)
  region size 2048K, 2 young (4096K), 2 survivors (4096K)
 Metaspace       used 35718K, committed 36096K, reserved 1081344K
  class space    used 4684K, committed 4864K, reserved 1048576K
}
Event: 7.274 GC heap before
{Heap before GC invocations=8 (full 0):
 garbage-first heap   total 55296K, used 19189K [0x000000070b200000, 0x0000000800000000)
  region size 2048K, 3 young (6144K), 2 survivors (4096K)
 Metaspace       used 35750K, committed 36096K, reserved 1081344K
  class space    used 4689K, committed 4864K, reserved 1048576K
}
Event: 7.276 GC heap after
{Heap after GC invocations=9 (full 0):
 garbage-first heap   total 55296K, used 19328K [0x000000070b200000, 0x0000000800000000)
  region size 2048K, 1 young (2048K), 1 survivors (2048K)
 Metaspace       used 35750K, committed 36096K, reserved 1081344K
  class space    used 4689K, committed 4864K, reserved 1048576K
}
Event: 7.408 GC heap before
{Heap before GC invocations=10 (full 0):
 garbage-first heap   total 55296K, used 39808K [0x000000070b200000, 0x0000000800000000)
  region size 2048K, 11 young (22528K), 1 survivors (2048K)
 Metaspace       used 36203K, committed 36608K, reserved 1081344K
  class space    used 4756K, committed 4928K, reserved 1048576K
}
Event: 7.411 GC heap after
{Heap after GC invocations=11 (full 0):
 garbage-first heap   total 55296K, used 23424K [0x000000070b200000, 0x0000000800000000)
  region size 2048K, 2 young (4096K), 2 survivors (4096K)
 Metaspace       used 36203K, committed 36608K, reserved 1081344K
  class space    used 4756K, committed 4928K, reserved 1048576K
}
Event: 7.440 GC heap before
{Heap before GC invocations=11 (full 0):
 garbage-first heap   total 55296K, used 39808K [0x000000070b200000, 0x0000000800000000)
  region size 2048K, 10 young (20480K), 2 survivors (4096K)
 Metaspace       used 36203K, committed 36608K, reserved 1081344K
  class space    used 4756K, committed 4928K, reserved 1048576K
}
Event: 7.442 GC heap after
{Heap after GC invocations=12 (full 0):
 garbage-first heap   total 55296K, used 26656K [0x000000070b200000, 0x0000000800000000)
  region size 2048K, 2 young (4096K), 2 survivors (4096K)
 Metaspace       used 36203K, committed 36608K, reserved 1081344K
  class space    used 4756K, committed 4928K, reserved 1048576K
}
Event: 7.467 GC heap before
{Heap before GC invocations=12 (full 0):
 garbage-first heap   total 55296K, used 38944K [0x000000070b200000, 0x0000000800000000)
  region size 2048K, 8 young (16384K), 2 survivors (4096K)
 Metaspace       used 36323K, committed 36736K, reserved 1081344K
  class space    used 4775K, committed 4992K, reserved 1048576K
}
Event: 7.470 GC heap after
{Heap after GC invocations=13 (full 0):
 garbage-first heap   total 153600K, used 29063K [0x000000070b200000, 0x0000000800000000)
  region size 2048K, 1 young (2048K), 1 survivors (2048K)
 Metaspace       used 36323K, committed 36736K, reserved 1081344K
  class space    used 4775K, committed 4992K, reserved 1048576K
}
Event: 7.618 GC heap before
{Heap before GC invocations=13 (full 0):
 garbage-first heap   total 153600K, used 102791K [0x000000070b200000, 0x0000000800000000)
  region size 2048K, 37 young (75776K), 1 survivors (2048K)
 Metaspace       used 37216K, committed 37632K, reserved 1089536K
  class space    used 4848K, committed 5056K, reserved 1048576K
}
Event: 7.624 GC heap after
{Heap after GC invocations=14 (full 0):
 garbage-first heap   total 153600K, used 44176K [0x000000070b200000, 0x0000000800000000)
  region size 2048K, 5 young (10240K), 5 survivors (10240K)
 Metaspace       used 37216K, committed 37632K, reserved 1089536K
  class space    used 4848K, committed 5056K, reserved 1048576K
}
Event: 7.767 GC heap before
{Heap before GC invocations=14 (full 0):
 garbage-first heap   total 153600K, used 89232K [0x000000070b200000, 0x0000000800000000)
  region size 2048K, 28 young (57344K), 5 survivors (10240K)
 Metaspace       used 38731K, committed 39104K, reserved 1089536K
  class space    used 4956K, committed 5120K, reserved 1048576K
}
Event: 7.774 GC heap after
{Heap after GC invocations=15 (full 0):
 garbage-first heap   total 153600K, used 56070K [0x000000070b200000, 0x0000000800000000)
  region size 2048K, 4 young (8192K), 4 survivors (8192K)
 Metaspace       used 38731K, committed 39104K, reserved 1089536K
  class space    used 4956K, committed 5120K, reserved 1048576K
}
Event: 7.827 GC heap before
{Heap before GC invocations=15 (full 0):
 garbage-first heap   total 153600K, used 97030K [0x000000070b200000, 0x0000000800000000)
  region size 2048K, 25 young (51200K), 4 survivors (8192K)
 Metaspace       used 39123K, committed 39488K, reserved 1089536K
  class space    used 4994K, committed 5184K, reserved 1048576K
}
Event: 7.839 GC heap after
{Heap after GC invocations=16 (full 0):
 garbage-first heap   total 153600K, used 65419K [0x000000070b200000, 0x0000000800000000)
  region size 2048K, 4 young (8192K), 4 survivors (8192K)
 Metaspace       used 39123K, committed 39488K, reserved 1089536K
  class space    used 4994K, committed 5184K, reserved 1048576K
}
Event: 7.863 GC heap before
{Heap before GC invocations=16 (full 0):
 garbage-first heap   total 153600K, used 100235K [0x000000070b200000, 0x0000000800000000)
  region size 2048K, 22 young (45056K), 4 survivors (8192K)
 Metaspace       used 39168K, committed 39616K, reserved 1089536K
  class space    used 5004K, committed 5184K, reserved 1048576K
}

