# JRE version: OpenJDK Runtime Environment Temurin-17.0.5+8 (17.0.5+8) (build 17.0.5+8)
# Java VM: OpenJDK 64-Bit Server VM Temurin-17.0.5+8 (17.0.5+8, mixed mode, emulated-client, tiered, compressed oops, compressed class ptrs, g1 gc, windows-amd64)
GC Precious Log:
 CPUs: 12 total, 12 available
 Memory: 15669M
 Large Page Support: Disabled
 NUMA Support: Disabled
 Compressed Oops: Enabled (Zero based)
 Heap Region Size: 2M
 Heap Min Capacity: 8M
 Heap Initial Capacity: 246M
 Heap Max Capacity: 3918M
 Pre-touch: Disabled
 Parallel Workers: 10
 Concurrent Workers: 3
 Concurrent Refinement Workers: 10
 Periodic GC: Disabled
Heap:
 garbage-first heap   total 251904K, used 79420K [0x000000070b200000, 0x0000000800000000)
  region size 2048K, 4 young (8192K), 4 survivors (8192K)
 Metaspace       used 39917K, committed 40256K, reserved 1089536K
  class space    used 5108K, committed 5248K, reserved 1048576K
GC Heap History (20 events):
Event: 1.825 GC heap after
{Heap after GC invocations=10 (full 0):
 garbage-first heap   total 75776K, used 25069K [0x000000070b200000, 0x0000000800000000)
  region size 2048K, 5 young (10240K), 5 survivors (10240K)
 Metaspace       used 36869K, committed 37248K, reserved 1089536K
  class space    used 4806K, committed 4992K, reserved 1048576K
}
Event: 1.859 GC heap before
{Heap before GC invocations=10 (full 0):
 garbage-first heap   total 75776K, used 49645K [0x000000070b200000, 0x0000000800000000)
  region size 2048K, 18 young (36864K), 5 survivors (10240K)
 Metaspace       used 37467K, committed 37824K, reserved 1089536K
  class space    used 4876K, committed 5056K, reserved 1048576K
}
Event: 1.863 GC heap after
{Heap after GC invocations=11 (full 0):
 garbage-first heap   total 75776K, used 30432K [0x000000070b200000, 0x0000000800000000)
  region size 2048K, 3 young (6144K), 3 survivors (6144K)
 Metaspace       used 37467K, committed 37824K, reserved 1089536K
  class space    used 4876K, committed 5056K, reserved 1048576K
}
Event: 1.888 GC heap before
{Heap before GC invocations=11 (full 0):
 garbage-first heap   total 75776K, used 52960K [0x000000070b200000, 0x0000000800000000)
  region size 2048K, 14 young (28672K), 3 survivors (6144K)
 Metaspace       used 37924K, committed 38336K, reserved 1089536K
  class space    used 4912K, committed 5120K, reserved 1048576K
}
Event: 1.890 GC heap after
{Heap after GC invocations=12 (full 0):
 garbage-first heap   total 110592K, used 34530K [0x000000070b200000, 0x0000000800000000)
  region size 2048K, 2 young (4096K), 2 survivors (4096K)
 Metaspace       used 37924K, committed 38336K, reserved 1089536K
  class space    used 4912K, committed 5120K, reserved 1048576K
}
Event: 1.931 GC heap before
{Heap before GC invocations=12 (full 0):
 garbage-first heap   total 110592K, used 75490K [0x000000070b200000, 0x0000000800000000)
  region size 2048K, 22 young (45056K), 2 survivors (4096K)
 Metaspace       used 38704K, committed 39104K, reserved 1089536K
  class space    used 4951K, committed 5120K, reserved 1048576K
}
Event: 1.935 GC heap after
{Heap after GC invocations=13 (full 0):
 garbage-first heap   total 110592K, used 44165K [0x000000070b200000, 0x0000000800000000)
  region size 2048K, 3 young (6144K), 3 survivors (6144K)
 Metaspace       used 38704K, committed 39104K, reserved 1089536K
  class space    used 4951K, committed 5120K, reserved 1048576K
}
Event: 1.990 GC heap before
{Heap before GC invocations=13 (full 0):
 garbage-first heap   total 110592K, used 74885K [0x000000070b200000, 0x0000000800000000)
  region size 2048K, 19 young (38912K), 3 survivors (6144K)
 Metaspace       used 39351K, committed 39744K, reserved 1089536K
  class space    used 5018K, committed 5184K, reserved 1048576K
}
Event: 1.994 GC heap after
{Heap after GC invocations=14 (full 0):
 garbage-first heap   total 110592K, used 51427K [0x000000070b200000, 0x0000000800000000)
  region size 2048K, 3 young (6144K), 3 survivors (6144K)
 Metaspace       used 39351K, committed 39744K, reserved 1089536K
  class space    used 5018K, committed 5184K, reserved 1048576K
}
Event: 2.046 GC heap before
{Heap before GC invocations=14 (full 0):
 garbage-first heap   total 110592K, used 78051K [0x000000070b200000, 0x0000000800000000)
  region size 2048K, 17 young (34816K), 3 survivors (6144K)
 Metaspace       used 39732K, committed 40128K, reserved 1089536K
  class space    used 5087K, committed 5248K, reserved 1048576K
}
Event: 2.050 GC heap after
{Heap after GC invocations=15 (full 0):
 garbage-first heap   total 110592K, used 63463K [0x000000070b200000, 0x0000000800000000)
  region size 2048K, 3 young (6144K), 3 survivors (6144K)
 Metaspace       used 39732K, committed 40128K, reserved 1089536K
  class space    used 5087K, committed 5248K, reserved 1048576K
}
Event: 2.061 GC heap before
{Heap before GC invocations=15 (full 0):
 garbage-first heap   total 110592K, used 77799K [0x000000070b200000, 0x0000000800000000)
  region size 2048K, 11 young (22528K), 3 survivors (6144K)
 Metaspace       used 39813K, committed 40192K, reserved 1089536K
  class space    used 5094K, committed 5248K, reserved 1048576K
}
Event: 2.070 GC heap after
{Heap after GC invocations=16 (full 0):
 garbage-first heap   total 217088K, used 67388K [0x000000070b200000, 0x0000000800000000)
  region size 2048K, 2 young (4096K), 2 survivors (4096K)
 Metaspace       used 39813K, committed 40192K, reserved 1089536K
  class space    used 5094K, committed 5248K, reserved 1048576K
}
Event: 2.089 GC heap before
{Heap before GC invocations=16 (full 0):
 garbage-first heap   total 217088K, used 122684K [0x000000070b200000, 0x0000000800000000)
  region size 2048K, 30 young (61440K), 2 survivors (4096K)
 Metaspace       used 39836K, committed 40192K, reserved 1089536K
  class space    used 5096K, committed 5248K, reserved 1048576K
}
Event: 2.095 GC heap after
{Heap after GC invocations=17 (full 0):
 garbage-first heap   total 217088K, used 69562K [0x000000070b200000, 0x0000000800000000)
  region size 2048K, 3 young (6144K), 3 survivors (6144K)
 Metaspace       used 39836K, committed 40192K, reserved 1089536K
  class space    used 5096K, committed 5248K, reserved 1048576K
}
Event: 2.109 GC heap before
{Heap before GC invocations=17 (full 0):
 garbage-first heap   total 217088K, used 145338K [0x000000070b200000, 0x0000000800000000)
  region size 2048K, 41 young (83968K), 3 survivors (6144K)
 Metaspace       used 39844K, committed 40192K, reserved 1089536K
  class space    used 5103K, committed 5248K, reserved 1048576K
}
Event: 2.115 GC heap after
{Heap after GC invocations=18 (full 0):
 garbage-first heap   total 217088K, used 72871K [0x000000070b200000, 0x0000000800000000)
  region size 2048K, 5 young (10240K), 5 survivors (10240K)
 Metaspace       used 39844K, committed 40192K, reserved 1089536K
  class space    used 5103K, committed 5248K, reserved 1048576K
}
Event: 2.130 GC heap before
{Heap before GC invocations=18 (full 0):
 garbage-first heap   total 217088K, used 152743K [0x000000070b200000, 0x0000000800000000)
  region size 2048K, 45 young (92160K), 5 survivors (10240K)
 Metaspace       used 39917K, committed 40256K, reserved 1089536K
  class space    used 5108K, committed 5248K, reserved 1048576K
}
Event: 2.136 GC heap after
{Heap after GC invocations=19 (full 0):
 garbage-first heap   total 217088K, used 76283K [0x000000070b200000, 0x0000000800000000)
  region size 2048K, 5 young (10240K), 5 survivors (10240K)
 Metaspace       used 39917K, committed 40256K, reserved 1089536K
  class space    used 5108K, committed 5248K, reserved 1048576K
}
Event: 2.146 GC heap before
{Heap before GC invocations=20 (full 0):
 garbage-first heap   total 217088K, used 158203K [0x000000070b200000, 0x0000000800000000)
  region size 2048K, 46 young (94208K), 5 survivors (10240K)
 Metaspace       used 39917K, committed 40256K, reserved 1089536K
  class space    used 5108K, committed 5248K, reserved 1048576K
}

